0 info it worked if it ends with ok
1 verbose cli [ 'C:\\Program Files\\nodejs\\node.exe',
1 verbose cli   'C:\\Program Files\\nodejs\\node_modules\\npm\\bin\\npm-cli.js',
1 verbose cli   'start' ]
2 info using npm@3.10.9
3 info using node@v6.9.2
4 verbose run-script [ 'prestart', 'start', 'poststart' ]
5 info lifecycle cars-search-using-solr@1.0.0~prestart: cars-search-using-solr@1.0.0
6 silly lifecycle cars-search-using-solr@1.0.0~prestart: no script for prestart, continuing
7 info lifecycle cars-search-using-solr@1.0.0~start: cars-search-using-solr@1.0.0
8 verbose lifecycle cars-search-using-solr@1.0.0~start: unsafe-perm in lifecycle true
9 verbose lifecycle cars-search-using-solr@1.0.0~start: PATH: C:\Program Files\nodejs\node_modules\npm\bin\node-gyp-bin;F:\work\New folder\cars-search-react\node_modules\.bin;C:\Windows\system32;C:\Windows;C:\Windows\System32\Wbem;C:\Windows\System32\WindowsPowerShell\v1.0\;C:\Program Files (x86)\Skype\Phone\;C:\Program Files\nodejs\;C:\Program Files\Git\cmd;;C:\Program Files (x86)\Microsoft VS Code\bin;C:\Users\Pedro\AppData\Roaming\npm
10 verbose lifecycle cars-search-using-solr@1.0.0~start: CWD: F:\work\New folder\cars-search-react
11 silly lifecycle cars-search-using-solr@1.0.0~start: Args: [ '/d /s /c',
11 silly lifecycle   'webpack-dev-server --inline --colors --watch --display-error-details --display-cached  --port 3001 --hot' ]
12 silly lifecycle cars-search-using-solr@1.0.0~start: Returned: code: 1  signal: null
13 info lifecycle cars-search-using-solr@1.0.0~start: Failed to exec start script
14 verbose stack Error: cars-search-using-solr@1.0.0 start: `webpack-dev-server --inline --colors --watch --display-error-details --display-cached  --port 3001 --hot`
14 verbose stack Exit status 1
14 verbose stack     at EventEmitter.<anonymous> (C:\Program Files\nodejs\node_modules\npm\lib\utils\lifecycle.js:255:16)
14 verbose stack     at emitTwo (events.js:106:13)
14 verbose stack     at EventEmitter.emit (events.js:191:7)
14 verbose stack     at ChildProcess.<anonymous> (C:\Program Files\nodejs\node_modules\npm\lib\utils\spawn.js:40:14)
14 verbose stack     at emitTwo (events.js:106:13)
14 verbose stack     at ChildProcess.emit (events.js:191:7)
14 verbose stack     at maybeClose (internal/child_process.js:877:16)
14 verbose stack     at Process.ChildProcess._handle.onexit (internal/child_process.js:226:5)
15 verbose pkgid cars-search-using-solr@1.0.0
16 verbose cwd F:\work\New folder\cars-search-react
17 error Windows_NT 10.0.10240
18 error argv "C:\\Program Files\\nodejs\\node.exe" "C:\\Program Files\\nodejs\\node_modules\\npm\\bin\\npm-cli.js" "start"
19 error node v6.9.2
20 error npm  v3.10.9
21 error code ELIFECYCLE
22 error cars-search-using-solr@1.0.0 start: `webpack-dev-server --inline --colors --watch --display-error-details --display-cached  --port 3001 --hot`
22 error Exit status 1
23 error Failed at the cars-search-using-solr@1.0.0 start script 'webpack-dev-server --inline --colors --watch --display-error-details --display-cached  --port 3001 --hot'.
23 error Make sure you have the latest version of node.js and npm installed.
23 error If you do, this is most likely a problem with the cars-search-using-solr package,
23 error not with npm itself.
23 error Tell the author that this fails on your system:
23 error     webpack-dev-server --inline --colors --watch --display-error-details --display-cached  --port 3001 --hot
23 error You can get information on how to open an issue for this project with:
23 error     npm bugs cars-search-using-solr
23 error Or if that isn't available, you can get their info via:
23 error     npm owner ls cars-search-using-solr
23 error There is likely additional logging output above.
24 verbose exit [ 1, true ]
